<?xml version="1.0" encoding="UTF-8"?>
<testng-results skipped="0" failed="0" total="2" passed="2">
  <reporter-output>
  </reporter-output>
  <suite name="Suite" duration-ms="1210" started-at="2018-06-08T18:44:08Z" finished-at="2018-06-08T18:44:10Z">
    <groups>
    </groups>
    <test name="Test" duration-ms="1210" started-at="2018-06-08T18:44:08Z" finished-at="2018-06-08T18:44:10Z">
      <class name="com.facebook.features.ExtentReportTest">
        <test-method status="PASS" signature="setupExtentReports()[pri:0, instance:com.facebook.features.ExtentReportTest@64c64813]" name="setupExtentReports" is-config="true" duration-ms="560" started-at="2018-06-09T00:14:08Z" finished-at="2018-06-09T00:14:09Z">
          <reporter-output>
          </reporter-output>
        </test-method> <!-- setupExtentReports -->
        <test-method status="PASS" signature="register(java.lang.reflect.Method)[pri:0, instance:com.facebook.features.ExtentReportTest@64c64813]" name="register" is-config="true" duration-ms="5" started-at="2018-06-09T00:14:09Z" finished-at="2018-06-09T00:14:09Z">
          <params>
            <param index="0">
              <value>
                <![CDATA[public void com.facebook.features.ExtentReportTest.testOne() throws java.lang.Exception]]>
              </value>
            </param>
          </params>
          <reporter-output>
          </reporter-output>
        </test-method> <!-- register -->
        <test-method status="PASS" signature="testOne()[pri:0, instance:com.facebook.features.ExtentReportTest@64c64813]" name="testOne" duration-ms="5" started-at="2018-06-09T00:14:09Z" finished-at="2018-06-09T00:14:09Z">
          <reporter-output>
          </reporter-output>
        </test-method> <!-- testOne -->
        <test-method status="PASS" signature="captureStatus(org.testng.ITestResult)[pri:0, instance:com.facebook.features.ExtentReportTest@64c64813]" name="captureStatus" is-config="true" duration-ms="20" started-at="2018-06-09T00:14:09Z" finished-at="2018-06-09T00:14:09Z">
          <params>
            <param index="0">
              <value>
                <![CDATA[[TestResult name=testOne status=SUCCESS method=ExtentReportTest.testOne()[pri:0, instance:com.facebook.features.ExtentReportTest@64c64813] output={null}]]]>
              </value>
            </param>
          </params>
          <reporter-output>
          </reporter-output>
        </test-method> <!-- captureStatus -->
        <test-method status="PASS" signature="register(java.lang.reflect.Method)[pri:0, instance:com.facebook.features.ExtentReportTest@64c64813]" name="register" is-config="true" duration-ms="0" started-at="2018-06-09T00:14:09Z" finished-at="2018-06-09T00:14:09Z">
          <params>
            <param index="0">
              <value>
                <![CDATA[public void com.facebook.features.ExtentReportTest.testThree()]]>
              </value>
            </param>
          </params>
          <reporter-output>
          </reporter-output>
        </test-method> <!-- register -->
        <test-method status="PASS" signature="captureStatus(org.testng.ITestResult)[pri:0, instance:com.facebook.features.ExtentReportTest@64c64813]" name="captureStatus" is-config="true" duration-ms="0" started-at="2018-06-09T00:14:09Z" finished-at="2018-06-09T00:14:09Z">
          <params>
            <param index="0">
              <value>
                <![CDATA[[TestResult name=testThree status=SUCCESS method=ExtentReportTest.testThree()[pri:0, instance:com.facebook.features.ExtentReportTest@64c64813] output={null}]]]>
              </value>
            </param>
          </params>
          <reporter-output>
          </reporter-output>
        </test-method> <!-- captureStatus -->
        <test-method status="PASS" signature="cleanUp()[pri:0, instance:com.facebook.features.ExtentReportTest@64c64813]" name="cleanUp" is-config="true" duration-ms="605" started-at="2018-06-09T00:14:09Z" finished-at="2018-06-09T00:14:10Z">
          <reporter-output>
          </reporter-output>
        </test-method> <!-- cleanUp -->
        <test-method status="PASS" signature="testThree()[pri:0, instance:com.facebook.features.ExtentReportTest@64c64813]" name="testThree" duration-ms="0" started-at="2018-06-09T00:14:09Z" finished-at="2018-06-09T00:14:09Z">
          <reporter-output>
          </reporter-output>
        </test-method> <!-- testThree -->
        <test-method status="PASS" signature="afterSuite()[pri:0, instance:com.facebook.features.ExtentReportTest@64c64813]" name="afterSuite" is-config="true" duration-ms="5028" started-at="2018-06-09T00:14:10Z" finished-at="2018-06-09T00:14:15Z">
          <reporter-output>
          </reporter-output>
        </test-method> <!-- afterSuite -->
      </class> <!-- com.facebook.features.ExtentReportTest -->
    </test> <!-- Test -->
  </suite> <!-- Suite -->
</testng-results>
